<?xml version="1.0" encoding="UTF-8"?>
<!-- Generated by org.testng.reporters.JUnitXMLReporter -->
<testsuite ignored="0" hostname="TORNEDO" failures="2" tests="9" name="My Test" time="67.058" errors="0" timestamp="2023-03-01T19:53:11 IST">
  <testcase classname="projectTestCases.LoginTestCases" name="verifyCSSValueofSignIn" time="0.123"/>
  <testcase classname="projectTestCases.LoginTestCases" name="verifyLogin" time="1.302"/>
  <testcase classname="projectTestCases.LoginTestCases" name="verifySignInGetText" time="0.078">
    <failure type="java.lang.AssertionError" message="actual not equal as expected expected [Sign I] but found [Sign In]">
      <![CDATA[java.lang.AssertionError: actual not equal as expected expected [Sign I] but found [Sign In]
at projectTestCases.LoginTestCases.verifySignInGetText(LoginTestCases.java:24)
at java.base/java.util.ArrayList.forEach(ArrayList.java:1511)
... Removed 30 stack frames]]>
    </failure>
  </testcase> <!-- verifySignInGetText -->
  <testcase classname="projectTestCases.LoginTestCases" name="verifyremberMeunSelected" time="0.218">
    <failure type="java.lang.NoSuchMethodError" message="&amp;apos;void org.testng.Assert.assertEquals(java.lang.Boolean, java.lang.Boolean)&amp;apos;">
      <![CDATA[java.lang.NoSuchMethodError: 'void org.testng.Assert.assertEquals(java.lang.Boolean, java.lang.Boolean)'
at projectTestCases.LoginTestCases.verifyremberMeunSelected(LoginTestCases.java:32)
at java.base/java.util.ArrayList.forEach(ArrayList.java:1511)
... Removed 25 stack frames]]>
    </failure>
  </testcase> <!-- verifyremberMeunSelected -->
  <testcase classname="projectTestCases.ManageExpenseTestCase" name="verifyClickManageExpense" time="1.75"/>
  <testcase classname="projectTestCases.ManageExpenseTestCase" name="verifyClickMnageExpenseSub" time="2.411"/>
  <testcase classname="projectTestCases.ManageExpenseTestCase" name="verifyDeleteAndGetTextOfAlert" time="2.517"/>
  <testcase classname="projectTestCases.ManageExpenseTestCase" name="verifyFileUpload" time="8.078"/>
  <testcase classname="projectTestCases.ManageExpenseTestCase" name="verifySearchInList" time="3.81"/>
</testsuite> <!-- My Test -->
