<?xml version="1.0" encoding="UTF-8"?>
<!-- Generated by org.testng.reporters.JUnitXMLReporter -->
<testsuite ignored="0" hostname="TORNEDO" failures="2" tests="14" name="edge" time="110.959" errors="0" timestamp="2023-03-09T12:36:21 IST">
  <testcase classname="projectTestCases.LoginTestCases" name="verifyCSSValueofSignIn" time="0.046"/>
  <testcase classname="projectTestCases.LoginTestCases" name="verifyDataFromExcel" time="0.866"/>
  <testcase classname="projectTestCases.LoginTestCases" name="verifyLogin" time="1.206"/>
  <testcase classname="projectTestCases.LoginTestCases" name="verifySignInGetText" time="0.093"/>
  <testcase classname="projectTestCases.LoginTestCases" name="verifyremberMeunSelected" time="0.219">
    <failure type="java.lang.NoSuchMethodError" message="&amp;apos;void org.testng.Assert.assertEquals(java.lang.Boolean, java.lang.Boolean)&amp;apos;">
      <![CDATA[java.lang.NoSuchMethodError: 'void org.testng.Assert.assertEquals(java.lang.Boolean, java.lang.Boolean)'
at projectTestCases.LoginTestCases.verifyremberMeunSelected(LoginTestCases.java:38)
at java.base/java.util.ArrayList.forEach(ArrayList.java:1511)
at java.base/java.util.concurrent.FutureTask.run(FutureTask.java:264)
at java.base/java.util.concurrent.ThreadPoolExecutor.runWorker(ThreadPoolExecutor.java:1136)
at java.base/java.util.concurrent.ThreadPoolExecutor$Worker.run(ThreadPoolExecutor.java:635)
at java.base/java.lang.Thread.run(Thread.java:833)
... Removed 18 stack frames]]>
    </failure>
  </testcase> <!-- verifyremberMeunSelected -->
  <testcase classname="projectTestCases.ManageExpenseTestCase" name="verifyClickManageExpense" time="1.137"/>
  <testcase classname="projectTestCases.ManageExpenseTestCase" name="verifyClickMnageExpenseSub" time="1.7"/>
  <testcase classname="projectTestCases.ManageExpenseTestCase" name="verifyDeleteAndGetTextOfAlert" time="1.754"/>
  <testcase classname="projectTestCases.ManageExpenseTestCase" name="verifyFileUpload" time="4.828"/>
  <testcase classname="projectTestCases.ManageExpenseTestCase" name="verifySearchInList" time="2.198"/>
  <testcase classname="projectTestCases.ManageUsersTestCase" name="verifySreelakshmiGopanandClickDROPDownLikeSymbol" time="1.893"/>
  <testcase classname="projectTestCases.ManageUsersTestCase" name="verifyTextOfDynamicFindTableElement" time="1.888"/>
  <testcase classname="projectTestCases.ManageContentTestCase" name="verifyToolTipDelete" time="1.69">
    <failure type="java.lang.IllegalArgumentException" message="Cannot find elements when the XPath is null.">
      <![CDATA[java.lang.IllegalArgumentException: Cannot find elements when the XPath is null.
at org.openqa.selenium.internal.Require$ArgumentChecker.nonNull(Require.java:207)
at org.openqa.selenium.By$ByXPath.<init>(By.java:287)
at org.openqa.selenium.By.xpath(By.java:89)
at utilities.GeneralUtilities.verifyToolTipForDeleteandgetStrign(GeneralUtilities.java:175)
at elementRepository.ManageContent.clickToolTipDelete(ManageContent.java:83)
at projectTestCases.ManageContentTestCase.verifyToolTipDelete(ManageContentTestCase.java:46)
at java.base/java.util.ArrayList.forEach(ArrayList.java:1511)
at java.base/java.util.concurrent.FutureTask.run(FutureTask.java:264)
at java.base/java.util.concurrent.ThreadPoolExecutor.runWorker(ThreadPoolExecutor.java:1136)
at java.base/java.util.concurrent.ThreadPoolExecutor$Worker.run(ThreadPoolExecutor.java:635)
at java.base/java.lang.Thread.run(Thread.java:833)
... Removed 18 stack frames]]>
    </failure>
  </testcase> <!-- verifyToolTipDelete -->
  <testcase classname="projectTestCases.ManageContentTestCase" name="verifysendKeysToTitle" time="3.83"/>
</testsuite> <!-- edge -->
