<html>
<head>
<title>TestNG:  edge</title>
<link href="../testng.css" rel="stylesheet" type="text/css" />
<link href="../my-testng.css" rel="stylesheet" type="text/css" />

<style type="text/css">
.log { display: none;} 
.stack-trace { display: none;} 
</style>
<script type="text/javascript">
<!--
function flip(e) {
  current = e.style.display;
  if (current == 'block') {
    e.style.display = 'none';
    return 0;
  }
  else {
    e.style.display = 'block';
    return 1;
  }
}

function toggleBox(szDivId, elem, msg1, msg2)
{
  var res = -1;  if (document.getElementById) {
    res = flip(document.getElementById(szDivId));
  }
  else if (document.all) {
    // this is the way old msie versions work
    res = flip(document.all[szDivId]);
  }
  if(elem) {
    if(res == 0) elem.innerHTML = msg1; else elem.innerHTML = msg2;
  }

}

function toggleAllBoxes() {
  if (document.getElementsByTagName) {
    d = document.getElementsByTagName('div');
    for (i = 0; i < d.length; i++) {
      if (d[i].className == 'log') {
        flip(d[i]);
      }
    }
  }
}

// -->
</script>

</head>
<body>
<h2 align='center'>edge</h2><table border='1' align="center">
<tr>
<td>Tests passed/Failed/Skipped:</td><td>12/2/0</td>
</tr><tr>
<td>Started on:</td><td>Thu Mar 09 12:34:30 IST 2023</td>
</tr>
<tr><td>Total time:</td><td>110 seconds (110959 ms)</td>
</tr><tr>
<td>Included groups:</td><td></td>
</tr><tr>
<td>Excluded groups:</td><td></td>
</tr>
</table><p/>
<small><i>(Hover the method name to see the test class name)</i></small><p/>
<table width='100%' border='1' class='invocation-failed'>
<tr><td colspan='4' align='center'><b>FAILED TESTS</b></td></tr>
<tr><td><b>Test method</b></td>
<td width="30%"><b>Exception</b></td>
<td width="10%"><b>Time (seconds)</b></td>
<td><b>Instance</b></td>
</tr>
<tr>
<td title='projectTestCases.ManageContentTestCase.verifyToolTipDelete()'><b>verifyToolTipDelete</b><br>Test class: projectTestCases.ManageContentTestCase</td>
<td><div><pre>java.lang.IllegalArgumentException: Cannot find elements when the XPath is null.
	at org.openqa.selenium.internal.Require$ArgumentChecker.nonNull(Require.java:207)
	at org.openqa.selenium.By$ByXPath.&lt;init&gt;(By.java:287)
	at org.openqa.selenium.By.xpath(By.java:89)
	at utilities.GeneralUtilities.verifyToolTipForDeleteandgetStrign(GeneralUtilities.java:175)
	at elementRepository.ManageContent.clickToolTipDelete(ManageContent.java:83)
	at projectTestCases.ManageContentTestCase.verifyToolTipDelete(ManageContentTestCase.java:46)
	at java.base/java.util.ArrayList.forEach(ArrayList.java:1511)
	at java.base/java.util.concurrent.FutureTask.run(FutureTask.java:264)
	at java.base/java.util.concurrent.ThreadPoolExecutor.runWorker(ThreadPoolExecutor.java:1136)
	at java.base/java.util.concurrent.ThreadPoolExecutor$Worker.run(ThreadPoolExecutor.java:635)
	at java.base/java.lang.Thread.run(Thread.java:833)
... Removed 18 stack frames</pre></div><a href='#' onClick='toggleBox("stack-trace241463984", this, "Click to show all stack frames", "Click to hide stack frames")'>Click to show all stack frames</a>
<div class='stack-trace' id='stack-trace241463984'><pre>java.lang.IllegalArgumentException: Cannot find elements when the XPath is null.
	at org.openqa.selenium.internal.Require$ArgumentChecker.nonNull(Require.java:207)
	at org.openqa.selenium.By$ByXPath.&lt;init&gt;(By.java:287)
	at org.openqa.selenium.By.xpath(By.java:89)
	at utilities.GeneralUtilities.verifyToolTipForDeleteandgetStrign(GeneralUtilities.java:175)
	at elementRepository.ManageContent.clickToolTipDelete(ManageContent.java:83)
	at projectTestCases.ManageContentTestCase.verifyToolTipDelete(ManageContentTestCase.java:46)
	at java.base/jdk.internal.reflect.NativeMethodAccessorImpl.invoke0(Native Method)
	at java.base/jdk.internal.reflect.NativeMethodAccessorImpl.invoke(NativeMethodAccessorImpl.java:77)
	at java.base/jdk.internal.reflect.DelegatingMethodAccessorImpl.invoke(DelegatingMethodAccessorImpl.java:43)
	at java.base/java.lang.reflect.Method.invoke(Method.java:568)
	at org.testng.internal.MethodInvocationHelper.invokeMethod(MethodInvocationHelper.java:133)
	at org.testng.internal.TestInvoker.invokeMethod(TestInvoker.java:598)
	at org.testng.internal.TestInvoker.invokeTestMethod(TestInvoker.java:173)
	at org.testng.internal.MethodRunner.runInSequence(MethodRunner.java:46)
	at org.testng.internal.TestInvoker$MethodInvocationAgent.invoke(TestInvoker.java:824)
	at org.testng.internal.TestInvoker.invokeTestMethods(TestInvoker.java:146)
	at org.testng.internal.TestMethodWorker.invokeTestMethods(TestMethodWorker.java:146)
	at org.testng.internal.TestMethodWorker.run(TestMethodWorker.java:128)
	at java.base/java.util.ArrayList.forEach(ArrayList.java:1511)
	at org.testng.TestRunner.privateRun(TestRunner.java:794)
	at org.testng.TestRunner.run(TestRunner.java:596)
	at org.testng.SuiteRunner.runTest(SuiteRunner.java:377)
	at org.testng.SuiteRunner.access$000(SuiteRunner.java:28)
	at org.testng.SuiteRunner$SuiteWorker.run(SuiteRunner.java:418)
	at org.testng.internal.thread.ThreadUtil.lambda$execute$0(ThreadUtil.java:64)
	at java.base/java.util.concurrent.FutureTask.run(FutureTask.java:264)
	at java.base/java.util.concurrent.ThreadPoolExecutor.runWorker(ThreadPoolExecutor.java:1136)
	at java.base/java.util.concurrent.ThreadPoolExecutor$Worker.run(ThreadPoolExecutor.java:635)
	at java.base/java.lang.Thread.run(Thread.java:833)
</pre></div></td>
<td>1</td>
<td>projectTestCases.ManageContentTestCase@4d5d943d</td></tr>
<tr>
<td title='projectTestCases.LoginTestCases.verifyremberMeunSelected()'><b>verifyremberMeunSelected</b><br>Test class: projectTestCases.LoginTestCases</td>
<td><div><pre>java.lang.NoSuchMethodError: &apos;void org.testng.Assert.assertEquals(java.lang.Boolean, java.lang.Boolean)&apos;
	at projectTestCases.LoginTestCases.verifyremberMeunSelected(LoginTestCases.java:38)
	at java.base/java.util.ArrayList.forEach(ArrayList.java:1511)
	at java.base/java.util.concurrent.FutureTask.run(FutureTask.java:264)
	at java.base/java.util.concurrent.ThreadPoolExecutor.runWorker(ThreadPoolExecutor.java:1136)
	at java.base/java.util.concurrent.ThreadPoolExecutor$Worker.run(ThreadPoolExecutor.java:635)
	at java.base/java.lang.Thread.run(Thread.java:833)
... Removed 18 stack frames</pre></div><a href='#' onClick='toggleBox("stack-trace829596037", this, "Click to show all stack frames", "Click to hide stack frames")'>Click to show all stack frames</a>
<div class='stack-trace' id='stack-trace829596037'><pre>java.lang.NoSuchMethodError: &apos;void org.testng.Assert.assertEquals(java.lang.Boolean, java.lang.Boolean)&apos;
	at projectTestCases.LoginTestCases.verifyremberMeunSelected(LoginTestCases.java:38)
	at java.base/jdk.internal.reflect.NativeMethodAccessorImpl.invoke0(Native Method)
	at java.base/jdk.internal.reflect.NativeMethodAccessorImpl.invoke(NativeMethodAccessorImpl.java:77)
	at java.base/jdk.internal.reflect.DelegatingMethodAccessorImpl.invoke(DelegatingMethodAccessorImpl.java:43)
	at java.base/java.lang.reflect.Method.invoke(Method.java:568)
	at org.testng.internal.MethodInvocationHelper.invokeMethod(MethodInvocationHelper.java:133)
	at org.testng.internal.TestInvoker.invokeMethod(TestInvoker.java:598)
	at org.testng.internal.TestInvoker.invokeTestMethod(TestInvoker.java:173)
	at org.testng.internal.MethodRunner.runInSequence(MethodRunner.java:46)
	at org.testng.internal.TestInvoker$MethodInvocationAgent.invoke(TestInvoker.java:824)
	at org.testng.internal.TestInvoker.invokeTestMethods(TestInvoker.java:146)
	at org.testng.internal.TestMethodWorker.invokeTestMethods(TestMethodWorker.java:146)
	at org.testng.internal.TestMethodWorker.run(TestMethodWorker.java:128)
	at java.base/java.util.ArrayList.forEach(ArrayList.java:1511)
	at org.testng.TestRunner.privateRun(TestRunner.java:794)
	at org.testng.TestRunner.run(TestRunner.java:596)
	at org.testng.SuiteRunner.runTest(SuiteRunner.java:377)
	at org.testng.SuiteRunner.access$000(SuiteRunner.java:28)
	at org.testng.SuiteRunner$SuiteWorker.run(SuiteRunner.java:418)
	at org.testng.internal.thread.ThreadUtil.lambda$execute$0(ThreadUtil.java:64)
	at java.base/java.util.concurrent.FutureTask.run(FutureTask.java:264)
	at java.base/java.util.concurrent.ThreadPoolExecutor.runWorker(ThreadPoolExecutor.java:1136)
	at java.base/java.util.concurrent.ThreadPoolExecutor$Worker.run(ThreadPoolExecutor.java:635)
	at java.base/java.lang.Thread.run(Thread.java:833)
</pre></div></td>
<td>0</td>
<td>projectTestCases.LoginTestCases@128d2484</td></tr>
</table><p>
<table width='100%' border='1' class='invocation-passed'>
<tr><td colspan='4' align='center'><b>PASSED TESTS</b></td></tr>
<tr><td><b>Test method</b></td>
<td width="30%"><b>Exception</b></td>
<td width="10%"><b>Time (seconds)</b></td>
<td><b>Instance</b></td>
</tr>
<tr>
<td title='projectTestCases.ManageExpenseTestCase.verifyClickManageExpense()'><b>verifyClickManageExpense</b><br>Test class: projectTestCases.ManageExpenseTestCase</td>
<td></td>
<td>1</td>
<td>projectTestCases.ManageExpenseTestCase@7cc0cdad</td></tr>
<tr>
<td title='projectTestCases.LoginTestCases.verifySignInGetText()'><b>verifySignInGetText</b><br>Test class: projectTestCases.LoginTestCases</td>
<td></td>
<td>0</td>
<td>projectTestCases.LoginTestCases@128d2484</td></tr>
<tr>
<td title='projectTestCases.LoginTestCases.verifyCSSValueofSignIn()'><b>verifyCSSValueofSignIn</b><br>Test class: projectTestCases.LoginTestCases</td>
<td></td>
<td>0</td>
<td>projectTestCases.LoginTestCases@128d2484</td></tr>
<tr>
<td title='projectTestCases.LoginTestCases.verifyLogin()'><b>verifyLogin</b><br>Test class: projectTestCases.LoginTestCases</td>
<td></td>
<td>1</td>
<td>projectTestCases.LoginTestCases@128d2484</td></tr>
<tr>
<td title='projectTestCases.ManageExpenseTestCase.verifyDeleteAndGetTextOfAlert()'><b>verifyDeleteAndGetTextOfAlert</b><br>Test class: projectTestCases.ManageExpenseTestCase</td>
<td></td>
<td>1</td>
<td>projectTestCases.ManageExpenseTestCase@7cc0cdad</td></tr>
<tr>
<td title='projectTestCases.ManageExpenseTestCase.verifySearchInList()'><b>verifySearchInList</b><br>Test class: projectTestCases.ManageExpenseTestCase</td>
<td></td>
<td>2</td>
<td>projectTestCases.ManageExpenseTestCase@7cc0cdad</td></tr>
<tr>
<td title='projectTestCases.ManageUsersTestCase.verifyTextOfDynamicFindTableElement()'><b>verifyTextOfDynamicFindTableElement</b><br>Test class: projectTestCases.ManageUsersTestCase</td>
<td></td>
<td>1</td>
<td>projectTestCases.ManageUsersTestCase@7c7b252e</td></tr>
<tr>
<td title='projectTestCases.LoginTestCases.verifyDataFromExcel()'><b>verifyDataFromExcel</b><br>Test class: projectTestCases.LoginTestCases</td>
<td></td>
<td>0</td>
<td>projectTestCases.LoginTestCases@128d2484</td></tr>
<tr>
<td title='projectTestCases.ManageExpenseTestCase.verifyFileUpload()'><b>verifyFileUpload</b><br>Test class: projectTestCases.ManageExpenseTestCase</td>
<td></td>
<td>4</td>
<td>projectTestCases.ManageExpenseTestCase@7cc0cdad</td></tr>
<tr>
<td title='projectTestCases.ManageContentTestCase.verifysendKeysToTitle()'><b>verifysendKeysToTitle</b><br>Test class: projectTestCases.ManageContentTestCase<br>Parameters: citrus, 897</td>
<td></td>
<td>3</td>
<td>projectTestCases.ManageContentTestCase@4d5d943d</td></tr>
<tr>
<td title='projectTestCases.ManageExpenseTestCase.verifyClickMnageExpenseSub()'><b>verifyClickMnageExpenseSub</b><br>Test class: projectTestCases.ManageExpenseTestCase</td>
<td></td>
<td>1</td>
<td>projectTestCases.ManageExpenseTestCase@7cc0cdad</td></tr>
<tr>
<td title='projectTestCases.ManageUsersTestCase.verifySreelakshmiGopanandClickDROPDownLikeSymbol()'><b>verifySreelakshmiGopanandClickDROPDownLikeSymbol</b><br>Test class: projectTestCases.ManageUsersTestCase</td>
<td></td>
<td>1</td>
<td>projectTestCases.ManageUsersTestCase@7c7b252e</td></tr>
</table><p>
</body>
</html>