<?xml version="1.0" encoding="UTF-8"?>
<testng-results ignored="0" total="19" passed="16" failed="3" skipped="0">
  <reporter-output>
  </reporter-output>
  <suite started-at="2023-03-09T12:34:30 IST" name="projects" finished-at="2023-03-09T12:36:21 IST" duration-ms="110963">
    <groups>
      <group name="High">
        <method signature="LoginTestCases.verifySignInGetText()[pri:0, instance:projectTestCases.LoginTestCases@123ef382]" name="verifySignInGetText" class="projectTestCases.LoginTestCases"/>
        <method signature="LoginTestCases.verifySignInGetText()[pri:0, instance:projectTestCases.LoginTestCases@128d2484]" name="verifySignInGetText" class="projectTestCases.LoginTestCases"/>
      </group> <!-- High -->
      <group name="Critical">
        <method signature="LoginTestCases.verifyDataFromExcel()[pri:0, instance:projectTestCases.LoginTestCases@123ef382]" name="verifyDataFromExcel" class="projectTestCases.LoginTestCases"/>
        <method signature="LoginTestCases.verifyLogin()[pri:0, instance:projectTestCases.LoginTestCases@123ef382]" name="verifyLogin" class="projectTestCases.LoginTestCases"/>
        <method signature="LoginTestCases.verifyDataFromExcel()[pri:0, instance:projectTestCases.LoginTestCases@128d2484]" name="verifyDataFromExcel" class="projectTestCases.LoginTestCases"/>
        <method signature="LoginTestCases.verifyLogin()[pri:0, instance:projectTestCases.LoginTestCases@128d2484]" name="verifyLogin" class="projectTestCases.LoginTestCases"/>
      </group> <!-- Critical -->
    </groups>
    <test started-at="2023-03-09T12:34:30 IST" name="chrome" finished-at="2023-03-09T12:35:15 IST" duration-ms="44883">
      <class name="projectTestCases.LoginTestCases">
        <test-method is-config="true" signature="beforeMethod(java.lang.String)[pri:0, instance:projectTestCases.LoginTestCases@123ef382]" started-at="2023-03-09T12:34:30 IST" name="beforeMethod" finished-at="2023-03-09T12:34:37 IST" duration-ms="7060" status="PASS">
          <params>
            <param index="0">
              <value>
                <![CDATA[chrome]]>
              </value>
            </param>
          </params>
          <reporter-output>
          </reporter-output>
        </test-method> <!-- beforeMethod -->
        <test-method signature="verifyCSSValueofSignIn()[pri:0, instance:projectTestCases.LoginTestCases@123ef382]" started-at="2023-03-09T12:34:37 IST" name="verifyCSSValueofSignIn" finished-at="2023-03-09T12:34:39 IST" duration-ms="1328" status="PASS">
          <reporter-output>
          </reporter-output>
        </test-method> <!-- verifyCSSValueofSignIn -->
        <test-method is-config="true" signature="afterMethod(org.testng.ITestResult)[pri:0, instance:projectTestCases.LoginTestCases@123ef382]" started-at="2023-03-09T12:34:39 IST" name="afterMethod" finished-at="2023-03-09T12:34:41 IST" duration-ms="2132" status="PASS">
          <params>
            <param index="0">
              <value>
                <![CDATA[[TestResult name=verifyCSSValueofSignIn status=SUCCESS method=LoginTestCases.verifyCSSValueofSignIn()[pri:0, instance:projectTestCases.LoginTestCases@123ef382] output={null}]]]>
              </value>
            </param>
          </params>
          <reporter-output>
          </reporter-output>
        </test-method> <!-- afterMethod -->
        <test-method is-config="true" signature="beforeMethod(java.lang.String)[pri:0, instance:projectTestCases.LoginTestCases@123ef382]" started-at="2023-03-09T12:34:41 IST" name="beforeMethod" finished-at="2023-03-09T12:34:46 IST" duration-ms="4974" status="PASS">
          <params>
            <param index="0">
              <value>
                <![CDATA[chrome]]>
              </value>
            </param>
          </params>
          <reporter-output>
          </reporter-output>
        </test-method> <!-- beforeMethod -->
        <test-method signature="verifyDataFromExcel()[pri:0, instance:projectTestCases.LoginTestCases@123ef382]" started-at="2023-03-09T12:34:46 IST" name="verifyDataFromExcel" finished-at="2023-03-09T12:34:48 IST" duration-ms="2387" status="PASS">
          <reporter-output>
          </reporter-output>
        </test-method> <!-- verifyDataFromExcel -->
        <test-method is-config="true" signature="afterMethod(org.testng.ITestResult)[pri:0, instance:projectTestCases.LoginTestCases@123ef382]" started-at="2023-03-09T12:34:48 IST" name="afterMethod" finished-at="2023-03-09T12:34:52 IST" duration-ms="3575" status="PASS">
          <params>
            <param index="0">
              <value>
                <![CDATA[[TestResult name=verifyDataFromExcel status=SUCCESS method=LoginTestCases.verifyDataFromExcel()[pri:0, instance:projectTestCases.LoginTestCases@123ef382] output={null}]]]>
              </value>
            </param>
          </params>
          <reporter-output>
          </reporter-output>
        </test-method> <!-- afterMethod -->
        <test-method is-config="true" signature="beforeMethod(java.lang.String)[pri:0, instance:projectTestCases.LoginTestCases@123ef382]" started-at="2023-03-09T12:34:52 IST" name="beforeMethod" finished-at="2023-03-09T12:34:57 IST" duration-ms="5411" status="PASS">
          <params>
            <param index="0">
              <value>
                <![CDATA[chrome]]>
              </value>
            </param>
          </params>
          <reporter-output>
          </reporter-output>
        </test-method> <!-- beforeMethod -->
        <test-method signature="verifyLogin()[pri:0, instance:projectTestCases.LoginTestCases@123ef382]" started-at="2023-03-09T12:34:57 IST" name="verifyLogin" finished-at="2023-03-09T12:34:59 IST" duration-ms="2250" status="PASS">
          <reporter-output>
          </reporter-output>
        </test-method> <!-- verifyLogin -->
        <test-method is-config="true" signature="afterMethod(org.testng.ITestResult)[pri:0, instance:projectTestCases.LoginTestCases@123ef382]" started-at="2023-03-09T12:34:59 IST" name="afterMethod" finished-at="2023-03-09T12:35:01 IST" duration-ms="2049" status="PASS">
          <params>
            <param index="0">
              <value>
                <![CDATA[[TestResult name=verifyLogin status=SUCCESS method=LoginTestCases.verifyLogin()[pri:0, instance:projectTestCases.LoginTestCases@123ef382] output={null}]]]>
              </value>
            </param>
          </params>
          <reporter-output>
          </reporter-output>
        </test-method> <!-- afterMethod -->
        <test-method is-config="true" signature="beforeMethod(java.lang.String)[pri:0, instance:projectTestCases.LoginTestCases@123ef382]" started-at="2023-03-09T12:35:01 IST" name="beforeMethod" finished-at="2023-03-09T12:35:06 IST" duration-ms="4468" status="PASS">
          <params>
            <param index="0">
              <value>
                <![CDATA[chrome]]>
              </value>
            </param>
          </params>
          <reporter-output>
          </reporter-output>
        </test-method> <!-- beforeMethod -->
        <test-method signature="verifySignInGetText()[pri:0, instance:projectTestCases.LoginTestCases@123ef382]" started-at="2023-03-09T12:35:06 IST" name="verifySignInGetText" finished-at="2023-03-09T12:35:06 IST" duration-ms="414" status="PASS">
          <reporter-output>
          </reporter-output>
        </test-method> <!-- verifySignInGetText -->
        <test-method is-config="true" signature="afterMethod(org.testng.ITestResult)[pri:0, instance:projectTestCases.LoginTestCases@123ef382]" started-at="2023-03-09T12:35:06 IST" name="afterMethod" finished-at="2023-03-09T12:35:08 IST" duration-ms="1735" status="PASS">
          <params>
            <param index="0">
              <value>
                <![CDATA[[TestResult name=verifySignInGetText status=SUCCESS method=LoginTestCases.verifySignInGetText()[pri:0, instance:projectTestCases.LoginTestCases@123ef382] output={null}]]]>
              </value>
            </param>
          </params>
          <reporter-output>
          </reporter-output>
        </test-method> <!-- afterMethod -->
        <test-method is-config="true" signature="beforeMethod(java.lang.String)[pri:0, instance:projectTestCases.LoginTestCases@123ef382]" started-at="2023-03-09T12:35:08 IST" name="beforeMethod" finished-at="2023-03-09T12:35:11 IST" duration-ms="3096" status="PASS">
          <params>
            <param index="0">
              <value>
                <![CDATA[chrome]]>
              </value>
            </param>
          </params>
          <reporter-output>
          </reporter-output>
        </test-method> <!-- beforeMethod -->
        <test-method signature="verifyremberMeunSelected()[pri:0, instance:projectTestCases.LoginTestCases@123ef382]" started-at="2023-03-09T12:35:11 IST" name="verifyremberMeunSelected" finished-at="2023-03-09T12:35:12 IST" duration-ms="569" status="FAIL">
          <exception class="java.lang.NoSuchMethodError">
            <message>
              <![CDATA['void org.testng.Assert.assertEquals(java.lang.Boolean, java.lang.Boolean)']]>
            </message>
            <full-stacktrace>
              <![CDATA[java.lang.NoSuchMethodError: 'void org.testng.Assert.assertEquals(java.lang.Boolean, java.lang.Boolean)'
at projectTestCases.LoginTestCases.verifyremberMeunSelected(LoginTestCases.java:38)
at java.base/jdk.internal.reflect.NativeMethodAccessorImpl.invoke0(Native Method)
at java.base/jdk.internal.reflect.NativeMethodAccessorImpl.invoke(NativeMethodAccessorImpl.java:77)
at java.base/jdk.internal.reflect.DelegatingMethodAccessorImpl.invoke(DelegatingMethodAccessorImpl.java:43)
at java.base/java.lang.reflect.Method.invoke(Method.java:568)
at org.testng.internal.MethodInvocationHelper.invokeMethod(MethodInvocationHelper.java:133)
at org.testng.internal.TestInvoker.invokeMethod(TestInvoker.java:598)
at org.testng.internal.TestInvoker.invokeTestMethod(TestInvoker.java:173)
at org.testng.internal.MethodRunner.runInSequence(MethodRunner.java:46)
at org.testng.internal.TestInvoker$MethodInvocationAgent.invoke(TestInvoker.java:824)
at org.testng.internal.TestInvoker.invokeTestMethods(TestInvoker.java:146)
at org.testng.internal.TestMethodWorker.invokeTestMethods(TestMethodWorker.java:146)
at org.testng.internal.TestMethodWorker.run(TestMethodWorker.java:128)
at java.base/java.util.ArrayList.forEach(ArrayList.java:1511)
at org.testng.TestRunner.privateRun(TestRunner.java:794)
at org.testng.TestRunner.run(TestRunner.java:596)
at org.testng.SuiteRunner.runTest(SuiteRunner.java:377)
at org.testng.SuiteRunner.access$000(SuiteRunner.java:28)
at org.testng.SuiteRunner$SuiteWorker.run(SuiteRunner.java:418)
at org.testng.internal.thread.ThreadUtil.lambda$execute$0(ThreadUtil.java:64)
at java.base/java.util.concurrent.FutureTask.run(FutureTask.java:264)
at java.base/java.util.concurrent.ThreadPoolExecutor.runWorker(ThreadPoolExecutor.java:1136)
at java.base/java.util.concurrent.ThreadPoolExecutor$Worker.run(ThreadPoolExecutor.java:635)
at java.base/java.lang.Thread.run(Thread.java:833)
]]>
            </full-stacktrace>
          </exception> <!-- java.lang.NoSuchMethodError -->
          <reporter-output>
          </reporter-output>
        </test-method> <!-- verifyremberMeunSelected -->
        <test-method is-config="true" signature="afterMethod(org.testng.ITestResult)[pri:0, instance:projectTestCases.LoginTestCases@123ef382]" started-at="2023-03-09T12:35:12 IST" name="afterMethod" finished-at="2023-03-09T12:35:15 IST" duration-ms="3333" status="PASS">
          <params>
            <param index="0">
              <value>
                <![CDATA[[TestResult name=verifyremberMeunSelected status=FAILURE method=LoginTestCases.verifyremberMeunSelected()[pri:0, instance:projectTestCases.LoginTestCases@123ef382] output={null}]]]>
              </value>
            </param>
          </params>
          <reporter-output>
          </reporter-output>
        </test-method> <!-- afterMethod -->
      </class> <!-- projectTestCases.LoginTestCases -->
    </test> <!-- chrome -->
    <test started-at="2023-03-09T12:34:30 IST" name="edge" finished-at="2023-03-09T12:36:21 IST" duration-ms="110959">
      <class name="projectTestCases.ManageUsersTestCase">
        <test-method is-config="true" signature="beforeMethod(java.lang.String)[pri:0, instance:projectTestCases.ManageUsersTestCase@7c7b252e]" started-at="2023-03-09T12:35:52 IST" name="beforeMethod" finished-at="2023-03-09T12:35:56 IST" duration-ms="4449" status="PASS">
          <params>
            <param index="0">
              <value>
                <![CDATA[edge]]>
              </value>
            </param>
          </params>
          <reporter-output>
          </reporter-output>
        </test-method> <!-- beforeMethod -->
        <test-method signature="verifySreelakshmiGopanandClickDROPDownLikeSymbol()[pri:0, instance:projectTestCases.ManageUsersTestCase@7c7b252e]" started-at="2023-03-09T12:35:56 IST" name="verifySreelakshmiGopanandClickDROPDownLikeSymbol" finished-at="2023-03-09T12:35:58 IST" duration-ms="1893" status="PASS">
          <reporter-output>
          </reporter-output>
        </test-method> <!-- verifySreelakshmiGopanandClickDROPDownLikeSymbol -->
        <test-method is-config="true" signature="afterMethod(org.testng.ITestResult)[pri:0, instance:projectTestCases.ManageUsersTestCase@7c7b252e]" started-at="2023-03-09T12:35:58 IST" name="afterMethod" finished-at="2023-03-09T12:35:58 IST" duration-ms="322" status="PASS">
          <params>
            <param index="0">
              <value>
                <![CDATA[[TestResult name=verifySreelakshmiGopanandClickDROPDownLikeSymbol status=SUCCESS method=ManageUsersTestCase.verifySreelakshmiGopanandClickDROPDownLikeSymbol()[pri:0, instance:projectTestCases.ManageUsersTestCase@7c7b252e] output={null}]]]>
              </value>
            </param>
          </params>
          <reporter-output>
          </reporter-output>
        </test-method> <!-- afterMethod -->
        <test-method is-config="true" signature="beforeMethod(java.lang.String)[pri:0, instance:projectTestCases.ManageUsersTestCase@7c7b252e]" started-at="2023-03-09T12:35:58 IST" name="beforeMethod" finished-at="2023-03-09T12:36:03 IST" duration-ms="4478" status="PASS">
          <params>
            <param index="0">
              <value>
                <![CDATA[edge]]>
              </value>
            </param>
          </params>
          <reporter-output>
          </reporter-output>
        </test-method> <!-- beforeMethod -->
        <test-method signature="verifyTextOfDynamicFindTableElement()[pri:0, instance:projectTestCases.ManageUsersTestCase@7c7b252e]" started-at="2023-03-09T12:36:03 IST" name="verifyTextOfDynamicFindTableElement" finished-at="2023-03-09T12:36:05 IST" duration-ms="1888" status="PASS">
          <reporter-output>
          </reporter-output>
        </test-method> <!-- verifyTextOfDynamicFindTableElement -->
        <test-method is-config="true" signature="afterMethod(org.testng.ITestResult)[pri:0, instance:projectTestCases.ManageUsersTestCase@7c7b252e]" started-at="2023-03-09T12:36:05 IST" name="afterMethod" finished-at="2023-03-09T12:36:05 IST" duration-ms="283" status="PASS">
          <params>
            <param index="0">
              <value>
                <![CDATA[[TestResult name=verifyTextOfDynamicFindTableElement status=SUCCESS method=ManageUsersTestCase.verifyTextOfDynamicFindTableElement()[pri:0, instance:projectTestCases.ManageUsersTestCase@7c7b252e] output={null}]]]>
              </value>
            </param>
          </params>
          <reporter-output>
          </reporter-output>
        </test-method> <!-- afterMethod -->
      </class> <!-- projectTestCases.ManageUsersTestCase -->
      <class name="projectTestCases.LoginTestCases">
        <test-method is-config="true" signature="beforeMethod(java.lang.String)[pri:0, instance:projectTestCases.LoginTestCases@128d2484]" started-at="2023-03-09T12:34:30 IST" name="beforeMethod" finished-at="2023-03-09T12:34:40 IST" duration-ms="9537" status="PASS">
          <params>
            <param index="0">
              <value>
                <![CDATA[edge]]>
              </value>
            </param>
          </params>
          <reporter-output>
          </reporter-output>
        </test-method> <!-- beforeMethod -->
        <test-method signature="verifyCSSValueofSignIn()[pri:0, instance:projectTestCases.LoginTestCases@128d2484]" started-at="2023-03-09T12:34:40 IST" name="verifyCSSValueofSignIn" finished-at="2023-03-09T12:34:40 IST" duration-ms="46" status="PASS">
          <reporter-output>
          </reporter-output>
        </test-method> <!-- verifyCSSValueofSignIn -->
        <test-method is-config="true" signature="afterMethod(org.testng.ITestResult)[pri:0, instance:projectTestCases.LoginTestCases@128d2484]" started-at="2023-03-09T12:34:40 IST" name="afterMethod" finished-at="2023-03-09T12:34:40 IST" duration-ms="358" status="PASS">
          <params>
            <param index="0">
              <value>
                <![CDATA[[TestResult name=verifyCSSValueofSignIn status=SUCCESS method=LoginTestCases.verifyCSSValueofSignIn()[pri:0, instance:projectTestCases.LoginTestCases@128d2484] output={null}]]]>
              </value>
            </param>
          </params>
          <reporter-output>
          </reporter-output>
        </test-method> <!-- afterMethod -->
        <test-method is-config="true" signature="beforeMethod(java.lang.String)[pri:0, instance:projectTestCases.LoginTestCases@128d2484]" started-at="2023-03-09T12:34:40 IST" name="beforeMethod" finished-at="2023-03-09T12:34:47 IST" duration-ms="7089" status="PASS">
          <params>
            <param index="0">
              <value>
                <![CDATA[edge]]>
              </value>
            </param>
          </params>
          <reporter-output>
          </reporter-output>
        </test-method> <!-- beforeMethod -->
        <test-method signature="verifyDataFromExcel()[pri:0, instance:projectTestCases.LoginTestCases@128d2484]" started-at="2023-03-09T12:34:47 IST" name="verifyDataFromExcel" finished-at="2023-03-09T12:34:48 IST" duration-ms="866" status="PASS">
          <reporter-output>
          </reporter-output>
        </test-method> <!-- verifyDataFromExcel -->
        <test-method is-config="true" signature="afterMethod(org.testng.ITestResult)[pri:0, instance:projectTestCases.LoginTestCases@128d2484]" started-at="2023-03-09T12:34:48 IST" name="afterMethod" finished-at="2023-03-09T12:34:51 IST" duration-ms="2919" status="PASS">
          <params>
            <param index="0">
              <value>
                <![CDATA[[TestResult name=verifyDataFromExcel status=SUCCESS method=LoginTestCases.verifyDataFromExcel()[pri:0, instance:projectTestCases.LoginTestCases@128d2484] output={null}]]]>
              </value>
            </param>
          </params>
          <reporter-output>
          </reporter-output>
        </test-method> <!-- afterMethod -->
        <test-method is-config="true" signature="beforeMethod(java.lang.String)[pri:0, instance:projectTestCases.LoginTestCases@128d2484]" started-at="2023-03-09T12:34:51 IST" name="beforeMethod" finished-at="2023-03-09T12:34:57 IST" duration-ms="6554" status="PASS">
          <params>
            <param index="0">
              <value>
                <![CDATA[edge]]>
              </value>
            </param>
          </params>
          <reporter-output>
          </reporter-output>
        </test-method> <!-- beforeMethod -->
        <test-method signature="verifyLogin()[pri:0, instance:projectTestCases.LoginTestCases@128d2484]" started-at="2023-03-09T12:34:57 IST" name="verifyLogin" finished-at="2023-03-09T12:34:59 IST" duration-ms="1206" status="PASS">
          <reporter-output>
          </reporter-output>
        </test-method> <!-- verifyLogin -->
        <test-method is-config="true" signature="afterMethod(org.testng.ITestResult)[pri:0, instance:projectTestCases.LoginTestCases@128d2484]" started-at="2023-03-09T12:34:59 IST" name="afterMethod" finished-at="2023-03-09T12:35:00 IST" duration-ms="1640" status="PASS">
          <params>
            <param index="0">
              <value>
                <![CDATA[[TestResult name=verifyLogin status=SUCCESS method=LoginTestCases.verifyLogin()[pri:0, instance:projectTestCases.LoginTestCases@128d2484] output={null}]]]>
              </value>
            </param>
          </params>
          <reporter-output>
          </reporter-output>
        </test-method> <!-- afterMethod -->
        <test-method is-config="true" signature="beforeMethod(java.lang.String)[pri:0, instance:projectTestCases.LoginTestCases@128d2484]" started-at="2023-03-09T12:35:00 IST" name="beforeMethod" finished-at="2023-03-09T12:35:07 IST" duration-ms="6469" status="PASS">
          <params>
            <param index="0">
              <value>
                <![CDATA[edge]]>
              </value>
            </param>
          </params>
          <reporter-output>
          </reporter-output>
        </test-method> <!-- beforeMethod -->
        <test-method signature="verifySignInGetText()[pri:0, instance:projectTestCases.LoginTestCases@128d2484]" started-at="2023-03-09T12:35:07 IST" name="verifySignInGetText" finished-at="2023-03-09T12:35:07 IST" duration-ms="93" status="PASS">
          <reporter-output>
          </reporter-output>
        </test-method> <!-- verifySignInGetText -->
        <test-method is-config="true" signature="afterMethod(org.testng.ITestResult)[pri:0, instance:projectTestCases.LoginTestCases@128d2484]" started-at="2023-03-09T12:35:07 IST" name="afterMethod" finished-at="2023-03-09T12:35:08 IST" duration-ms="765" status="PASS">
          <params>
            <param index="0">
              <value>
                <![CDATA[[TestResult name=verifySignInGetText status=SUCCESS method=LoginTestCases.verifySignInGetText()[pri:0, instance:projectTestCases.LoginTestCases@128d2484] output={null}]]]>
              </value>
            </param>
          </params>
          <reporter-output>
          </reporter-output>
        </test-method> <!-- afterMethod -->
        <test-method is-config="true" signature="beforeMethod(java.lang.String)[pri:0, instance:projectTestCases.LoginTestCases@128d2484]" started-at="2023-03-09T12:35:08 IST" name="beforeMethod" finished-at="2023-03-09T12:35:14 IST" duration-ms="6463" status="PASS">
          <params>
            <param index="0">
              <value>
                <![CDATA[edge]]>
              </value>
            </param>
          </params>
          <reporter-output>
          </reporter-output>
        </test-method> <!-- beforeMethod -->
        <test-method signature="verifyremberMeunSelected()[pri:0, instance:projectTestCases.LoginTestCases@128d2484]" started-at="2023-03-09T12:35:14 IST" name="verifyremberMeunSelected" finished-at="2023-03-09T12:35:14 IST" duration-ms="219" status="FAIL">
          <exception class="java.lang.NoSuchMethodError">
            <message>
              <![CDATA['void org.testng.Assert.assertEquals(java.lang.Boolean, java.lang.Boolean)']]>
            </message>
            <full-stacktrace>
              <![CDATA[java.lang.NoSuchMethodError: 'void org.testng.Assert.assertEquals(java.lang.Boolean, java.lang.Boolean)'
at projectTestCases.LoginTestCases.verifyremberMeunSelected(LoginTestCases.java:38)
at java.base/jdk.internal.reflect.NativeMethodAccessorImpl.invoke0(Native Method)
at java.base/jdk.internal.reflect.NativeMethodAccessorImpl.invoke(NativeMethodAccessorImpl.java:77)
at java.base/jdk.internal.reflect.DelegatingMethodAccessorImpl.invoke(DelegatingMethodAccessorImpl.java:43)
at java.base/java.lang.reflect.Method.invoke(Method.java:568)
at org.testng.internal.MethodInvocationHelper.invokeMethod(MethodInvocationHelper.java:133)
at org.testng.internal.TestInvoker.invokeMethod(TestInvoker.java:598)
at org.testng.internal.TestInvoker.invokeTestMethod(TestInvoker.java:173)
at org.testng.internal.MethodRunner.runInSequence(MethodRunner.java:46)
at org.testng.internal.TestInvoker$MethodInvocationAgent.invoke(TestInvoker.java:824)
at org.testng.internal.TestInvoker.invokeTestMethods(TestInvoker.java:146)
at org.testng.internal.TestMethodWorker.invokeTestMethods(TestMethodWorker.java:146)
at org.testng.internal.TestMethodWorker.run(TestMethodWorker.java:128)
at java.base/java.util.ArrayList.forEach(ArrayList.java:1511)
at org.testng.TestRunner.privateRun(TestRunner.java:794)
at org.testng.TestRunner.run(TestRunner.java:596)
at org.testng.SuiteRunner.runTest(SuiteRunner.java:377)
at org.testng.SuiteRunner.access$000(SuiteRunner.java:28)
at org.testng.SuiteRunner$SuiteWorker.run(SuiteRunner.java:418)
at org.testng.internal.thread.ThreadUtil.lambda$execute$0(ThreadUtil.java:64)
at java.base/java.util.concurrent.FutureTask.run(FutureTask.java:264)
at java.base/java.util.concurrent.ThreadPoolExecutor.runWorker(ThreadPoolExecutor.java:1136)
at java.base/java.util.concurrent.ThreadPoolExecutor$Worker.run(ThreadPoolExecutor.java:635)
at java.base/java.lang.Thread.run(Thread.java:833)
]]>
            </full-stacktrace>
          </exception> <!-- java.lang.NoSuchMethodError -->
          <reporter-output>
          </reporter-output>
        </test-method> <!-- verifyremberMeunSelected -->
        <test-method is-config="true" signature="afterMethod(org.testng.ITestResult)[pri:0, instance:projectTestCases.LoginTestCases@128d2484]" started-at="2023-03-09T12:35:14 IST" name="afterMethod" finished-at="2023-03-09T12:35:15 IST" duration-ms="941" status="PASS">
          <params>
            <param index="0">
              <value>
                <![CDATA[[TestResult name=verifyremberMeunSelected status=FAILURE method=LoginTestCases.verifyremberMeunSelected()[pri:0, instance:projectTestCases.LoginTestCases@128d2484] output={null}]]]>
              </value>
            </param>
          </params>
          <reporter-output>
          </reporter-output>
        </test-method> <!-- afterMethod -->
      </class> <!-- projectTestCases.LoginTestCases -->
      <class name="projectTestCases.ManageContentTestCase">
        <test-method is-config="true" signature="beforeMethod(java.lang.String)[pri:0, instance:projectTestCases.ManageContentTestCase@4d5d943d]" started-at="2023-03-09T12:36:05 IST" name="beforeMethod" finished-at="2023-03-09T12:36:10 IST" duration-ms="4660" status="PASS">
          <params>
            <param index="0">
              <value>
                <![CDATA[edge]]>
              </value>
            </param>
          </params>
          <reporter-output>
          </reporter-output>
        </test-method> <!-- beforeMethod -->
        <test-method signature="verifyToolTipDelete()[pri:0, instance:projectTestCases.ManageContentTestCase@4d5d943d]" started-at="2023-03-09T12:36:10 IST" name="verifyToolTipDelete" finished-at="2023-03-09T12:36:11 IST" duration-ms="1690" status="FAIL">
          <exception class="java.lang.IllegalArgumentException">
            <message>
              <![CDATA[Cannot find elements when the XPath is null.]]>
            </message>
            <full-stacktrace>
              <![CDATA[java.lang.IllegalArgumentException: Cannot find elements when the XPath is null.
at org.openqa.selenium.internal.Require$ArgumentChecker.nonNull(Require.java:207)
at org.openqa.selenium.By$ByXPath.<init>(By.java:287)
at org.openqa.selenium.By.xpath(By.java:89)
at utilities.GeneralUtilities.verifyToolTipForDeleteandgetStrign(GeneralUtilities.java:175)
at elementRepository.ManageContent.clickToolTipDelete(ManageContent.java:83)
at projectTestCases.ManageContentTestCase.verifyToolTipDelete(ManageContentTestCase.java:46)
at java.base/jdk.internal.reflect.NativeMethodAccessorImpl.invoke0(Native Method)
at java.base/jdk.internal.reflect.NativeMethodAccessorImpl.invoke(NativeMethodAccessorImpl.java:77)
at java.base/jdk.internal.reflect.DelegatingMethodAccessorImpl.invoke(DelegatingMethodAccessorImpl.java:43)
at java.base/java.lang.reflect.Method.invoke(Method.java:568)
at org.testng.internal.MethodInvocationHelper.invokeMethod(MethodInvocationHelper.java:133)
at org.testng.internal.TestInvoker.invokeMethod(TestInvoker.java:598)
at org.testng.internal.TestInvoker.invokeTestMethod(TestInvoker.java:173)
at org.testng.internal.MethodRunner.runInSequence(MethodRunner.java:46)
at org.testng.internal.TestInvoker$MethodInvocationAgent.invoke(TestInvoker.java:824)
at org.testng.internal.TestInvoker.invokeTestMethods(TestInvoker.java:146)
at org.testng.internal.TestMethodWorker.invokeTestMethods(TestMethodWorker.java:146)
at org.testng.internal.TestMethodWorker.run(TestMethodWorker.java:128)
at java.base/java.util.ArrayList.forEach(ArrayList.java:1511)
at org.testng.TestRunner.privateRun(TestRunner.java:794)
at org.testng.TestRunner.run(TestRunner.java:596)
at org.testng.SuiteRunner.runTest(SuiteRunner.java:377)
at org.testng.SuiteRunner.access$000(SuiteRunner.java:28)
at org.testng.SuiteRunner$SuiteWorker.run(SuiteRunner.java:418)
at org.testng.internal.thread.ThreadUtil.lambda$execute$0(ThreadUtil.java:64)
at java.base/java.util.concurrent.FutureTask.run(FutureTask.java:264)
at java.base/java.util.concurrent.ThreadPoolExecutor.runWorker(ThreadPoolExecutor.java:1136)
at java.base/java.util.concurrent.ThreadPoolExecutor$Worker.run(ThreadPoolExecutor.java:635)
at java.base/java.lang.Thread.run(Thread.java:833)
]]>
            </full-stacktrace>
          </exception> <!-- java.lang.IllegalArgumentException -->
          <reporter-output>
          </reporter-output>
        </test-method> <!-- verifyToolTipDelete -->
        <test-method is-config="true" signature="afterMethod(org.testng.ITestResult)[pri:0, instance:projectTestCases.ManageContentTestCase@4d5d943d]" started-at="2023-03-09T12:36:11 IST" name="afterMethod" finished-at="2023-03-09T12:36:12 IST" duration-ms="477" status="PASS">
          <params>
            <param index="0">
              <value>
                <![CDATA[[TestResult name=verifyToolTipDelete status=FAILURE method=ManageContentTestCase.verifyToolTipDelete()[pri:0, instance:projectTestCases.ManageContentTestCase@4d5d943d] output={null}]]]>
              </value>
            </param>
          </params>
          <reporter-output>
          </reporter-output>
        </test-method> <!-- afterMethod -->
        <test-method is-config="true" signature="beforeMethod(java.lang.String)[pri:0, instance:projectTestCases.ManageContentTestCase@4d5d943d]" started-at="2023-03-09T12:36:12 IST" name="beforeMethod" finished-at="2023-03-09T12:36:17 IST" duration-ms="4677" status="PASS">
          <params>
            <param index="0">
              <value>
                <![CDATA[edge]]>
              </value>
            </param>
          </params>
          <reporter-output>
          </reporter-output>
        </test-method> <!-- beforeMethod -->
        <test-method signature="verifysendKeysToTitle(java.lang.String,int)[pri:0, instance:projectTestCases.ManageContentTestCase@4d5d943d]" started-at="2023-03-09T12:36:17 IST" name="verifysendKeysToTitle" data-provider="data-provider" finished-at="2023-03-09T12:36:20 IST" duration-ms="3830" status="PASS">
          <params>
            <param index="0">
              <value>
                <![CDATA[citrus]]>
              </value>
            </param>
            <param index="1">
              <value>
                <![CDATA[897]]>
              </value>
            </param>
          </params>
          <reporter-output>
          </reporter-output>
        </test-method> <!-- verifysendKeysToTitle -->
        <test-method is-config="true" signature="afterMethod(org.testng.ITestResult)[pri:0, instance:projectTestCases.ManageContentTestCase@4d5d943d]" started-at="2023-03-09T12:36:20 IST" name="afterMethod" finished-at="2023-03-09T12:36:21 IST" duration-ms="566" status="PASS">
          <params>
            <param index="0">
              <value>
                <![CDATA[[TestResult name=verifysendKeysToTitle status=SUCCESS method=ManageContentTestCase.verifysendKeysToTitle(java.lang.String,int)[pri:0, instance:projectTestCases.ManageContentTestCase@4d5d943d] output={null}]]]>
              </value>
            </param>
          </params>
          <reporter-output>
          </reporter-output>
        </test-method> <!-- afterMethod -->
      </class> <!-- projectTestCases.ManageContentTestCase -->
      <class name="projectTestCases.ManageExpenseTestCase">
        <test-method is-config="true" signature="beforeMethod(java.lang.String)[pri:0, instance:projectTestCases.ManageExpenseTestCase@7cc0cdad]" started-at="2023-03-09T12:35:15 IST" name="beforeMethod" finished-at="2023-03-09T12:35:20 IST" duration-ms="4369" status="PASS">
          <params>
            <param index="0">
              <value>
                <![CDATA[edge]]>
              </value>
            </param>
          </params>
          <reporter-output>
          </reporter-output>
        </test-method> <!-- beforeMethod -->
        <test-method signature="verifyClickManageExpense()[pri:0, instance:projectTestCases.ManageExpenseTestCase@7cc0cdad]" started-at="2023-03-09T12:35:20 IST" name="verifyClickManageExpense" finished-at="2023-03-09T12:35:21 IST" duration-ms="1137" status="PASS">
          <reporter-output>
          </reporter-output>
        </test-method> <!-- verifyClickManageExpense -->
        <test-method is-config="true" signature="afterMethod(org.testng.ITestResult)[pri:0, instance:projectTestCases.ManageExpenseTestCase@7cc0cdad]" started-at="2023-03-09T12:35:21 IST" name="afterMethod" finished-at="2023-03-09T12:35:21 IST" duration-ms="432" status="PASS">
          <params>
            <param index="0">
              <value>
                <![CDATA[[TestResult name=verifyClickManageExpense status=SUCCESS method=ManageExpenseTestCase.verifyClickManageExpense()[pri:0, instance:projectTestCases.ManageExpenseTestCase@7cc0cdad] output={null}]]]>
              </value>
            </param>
          </params>
          <reporter-output>
          </reporter-output>
        </test-method> <!-- afterMethod -->
        <test-method is-config="true" signature="beforeMethod(java.lang.String)[pri:0, instance:projectTestCases.ManageExpenseTestCase@7cc0cdad]" started-at="2023-03-09T12:35:21 IST" name="beforeMethod" finished-at="2023-03-09T12:35:26 IST" duration-ms="4655" status="PASS">
          <params>
            <param index="0">
              <value>
                <![CDATA[edge]]>
              </value>
            </param>
          </params>
          <reporter-output>
          </reporter-output>
        </test-method> <!-- beforeMethod -->
        <test-method signature="verifyClickMnageExpenseSub()[pri:0, instance:projectTestCases.ManageExpenseTestCase@7cc0cdad]" started-at="2023-03-09T12:35:26 IST" name="verifyClickMnageExpenseSub" finished-at="2023-03-09T12:35:28 IST" duration-ms="1700" status="PASS">
          <reporter-output>
          </reporter-output>
        </test-method> <!-- verifyClickMnageExpenseSub -->
        <test-method is-config="true" signature="afterMethod(org.testng.ITestResult)[pri:0, instance:projectTestCases.ManageExpenseTestCase@7cc0cdad]" started-at="2023-03-09T12:35:28 IST" name="afterMethod" finished-at="2023-03-09T12:35:28 IST" duration-ms="363" status="PASS">
          <params>
            <param index="0">
              <value>
                <![CDATA[[TestResult name=verifyClickMnageExpenseSub status=SUCCESS method=ManageExpenseTestCase.verifyClickMnageExpenseSub()[pri:0, instance:projectTestCases.ManageExpenseTestCase@7cc0cdad] output={null}]]]>
              </value>
            </param>
          </params>
          <reporter-output>
          </reporter-output>
        </test-method> <!-- afterMethod -->
        <test-method is-config="true" signature="beforeMethod(java.lang.String)[pri:0, instance:projectTestCases.ManageExpenseTestCase@7cc0cdad]" started-at="2023-03-09T12:35:28 IST" name="beforeMethod" finished-at="2023-03-09T12:35:33 IST" duration-ms="4600" status="PASS">
          <params>
            <param index="0">
              <value>
                <![CDATA[edge]]>
              </value>
            </param>
          </params>
          <reporter-output>
          </reporter-output>
        </test-method> <!-- beforeMethod -->
        <test-method signature="verifyDeleteAndGetTextOfAlert()[pri:0, instance:projectTestCases.ManageExpenseTestCase@7cc0cdad]" started-at="2023-03-09T12:35:33 IST" name="verifyDeleteAndGetTextOfAlert" finished-at="2023-03-09T12:35:34 IST" duration-ms="1754" status="PASS">
          <reporter-output>
          </reporter-output>
        </test-method> <!-- verifyDeleteAndGetTextOfAlert -->
        <test-method is-config="true" signature="afterMethod(org.testng.ITestResult)[pri:0, instance:projectTestCases.ManageExpenseTestCase@7cc0cdad]" started-at="2023-03-09T12:35:34 IST" name="afterMethod" finished-at="2023-03-09T12:35:35 IST" duration-ms="345" status="PASS">
          <params>
            <param index="0">
              <value>
                <![CDATA[[TestResult name=verifyDeleteAndGetTextOfAlert status=SUCCESS method=ManageExpenseTestCase.verifyDeleteAndGetTextOfAlert()[pri:0, instance:projectTestCases.ManageExpenseTestCase@7cc0cdad] output={null}]]]>
              </value>
            </param>
          </params>
          <reporter-output>
          </reporter-output>
        </test-method> <!-- afterMethod -->
        <test-method is-config="true" signature="beforeMethod(java.lang.String)[pri:0, instance:projectTestCases.ManageExpenseTestCase@7cc0cdad]" started-at="2023-03-09T12:35:35 IST" name="beforeMethod" finished-at="2023-03-09T12:35:39 IST" duration-ms="4403" status="PASS">
          <params>
            <param index="0">
              <value>
                <![CDATA[edge]]>
              </value>
            </param>
          </params>
          <reporter-output>
          </reporter-output>
        </test-method> <!-- beforeMethod -->
        <test-method signature="verifyFileUpload()[pri:0, instance:projectTestCases.ManageExpenseTestCase@7cc0cdad]" started-at="2023-03-09T12:35:39 IST" name="verifyFileUpload" finished-at="2023-03-09T12:35:44 IST" duration-ms="4828" status="PASS">
          <reporter-output>
          </reporter-output>
        </test-method> <!-- verifyFileUpload -->
        <test-method is-config="true" signature="afterMethod(org.testng.ITestResult)[pri:0, instance:projectTestCases.ManageExpenseTestCase@7cc0cdad]" started-at="2023-03-09T12:35:44 IST" name="afterMethod" finished-at="2023-03-09T12:35:44 IST" duration-ms="516" status="PASS">
          <params>
            <param index="0">
              <value>
                <![CDATA[[TestResult name=verifyFileUpload status=SUCCESS method=ManageExpenseTestCase.verifyFileUpload()[pri:0, instance:projectTestCases.ManageExpenseTestCase@7cc0cdad] output={null}]]]>
              </value>
            </param>
          </params>
          <reporter-output>
          </reporter-output>
        </test-method> <!-- afterMethod -->
        <test-method is-config="true" signature="beforeMethod(java.lang.String)[pri:0, instance:projectTestCases.ManageExpenseTestCase@7cc0cdad]" started-at="2023-03-09T12:35:44 IST" name="beforeMethod" finished-at="2023-03-09T12:35:49 IST" duration-ms="4889" status="PASS">
          <params>
            <param index="0">
              <value>
                <![CDATA[edge]]>
              </value>
            </param>
          </params>
          <reporter-output>
          </reporter-output>
        </test-method> <!-- beforeMethod -->
        <test-method signature="verifySearchInList()[pri:0, instance:projectTestCases.ManageExpenseTestCase@7cc0cdad]" started-at="2023-03-09T12:35:49 IST" name="verifySearchInList" finished-at="2023-03-09T12:35:52 IST" duration-ms="2198" status="PASS">
          <reporter-output>
          </reporter-output>
        </test-method> <!-- verifySearchInList -->
        <test-method is-config="true" signature="afterMethod(org.testng.ITestResult)[pri:0, instance:projectTestCases.ManageExpenseTestCase@7cc0cdad]" started-at="2023-03-09T12:35:52 IST" name="afterMethod" finished-at="2023-03-09T12:35:52 IST" duration-ms="275" status="PASS">
          <params>
            <param index="0">
              <value>
                <![CDATA[[TestResult name=verifySearchInList status=SUCCESS method=ManageExpenseTestCase.verifySearchInList()[pri:0, instance:projectTestCases.ManageExpenseTestCase@7cc0cdad] output={null}]]]>
              </value>
            </param>
          </params>
          <reporter-output>
          </reporter-output>
        </test-method> <!-- afterMethod -->
      </class> <!-- projectTestCases.ManageExpenseTestCase -->
    </test> <!-- edge -->
  </suite> <!-- projects -->
</testng-results>
