<?xml version="1.0" encoding="UTF-8"?>
<!-- Generated by org.testng.reporters.JUnitXMLReporter -->
<testsuite ignored="2" hostname="TORNEDO" failures="0" tests="3" name="testng grouping" time="0.133" errors="0" timestamp="2023-03-02T11:12:51 IST">
  <testcase classname="projectTestCases.BaseClass" name="@BeforeMethod beforeMethod" time="-1.677735771215E9">
    <failure type="org.testng.TestNGException" message="
Parameter &amp;apos;browser&amp;apos; is required by BeforeMethod on method beforeMethod but has not been marked @Optional or defined
in C:\Users\ADMIN\eclipse-workspace\javaprogrammmes\src\package29\project\grouping.xml">
      <![CDATA[org.testng.TestNGException: 
Parameter 'browser' is required by BeforeMethod on method beforeMethod but has not been marked @Optional or defined
in C:\Users\ADMIN\eclipse-workspace\javaprogrammmes\src\package29\project\grouping.xml
at java.base/java.util.ArrayList.forEach(ArrayList.java:1511)
... Removed 28 stack frames]]>
    </failure>
  </testcase> <!-- @BeforeMethod beforeMethod -->
  <testcase classname="projectTestCases.BaseClass" name="@AfterMethod afterMethod" time="0.007">
    <failure type="java.lang.NullPointerException" message="Cannot invoke &amp;quot;org.openqa.selenium.WebDriver.close()&amp;quot; because &amp;quot;this.driver&amp;quot; is null">
      <![CDATA[java.lang.NullPointerException: Cannot invoke "org.openqa.selenium.WebDriver.close()" because "this.driver" is null
at projectTestCases.BaseClass.afterMethod(BaseClass.java:51)
at java.base/java.util.ArrayList.forEach(ArrayList.java:1511)
... Removed 30 stack frames]]>
    </failure>
  </testcase> <!-- @AfterMethod afterMethod -->
  <testcase classname="projectTestCases.BaseClass" name="@BeforeMethod beforeMethod" time="-1.677735771259E9">
    <failure type="org.testng.TestNGException" message="
Parameter &amp;apos;browser&amp;apos; is required by BeforeMethod on method beforeMethod but has not been marked @Optional or defined
in C:\Users\ADMIN\eclipse-workspace\javaprogrammmes\src\package29\project\grouping.xml">
      <![CDATA[org.testng.TestNGException: 
Parameter 'browser' is required by BeforeMethod on method beforeMethod but has not been marked @Optional or defined
in C:\Users\ADMIN\eclipse-workspace\javaprogrammmes\src\package29\project\grouping.xml
at java.base/java.util.ArrayList.forEach(ArrayList.java:1511)
... Removed 28 stack frames]]>
    </failure>
  </testcase> <!-- @BeforeMethod beforeMethod -->
  <testcase classname="projectTestCases.BaseClass" name="@AfterMethod afterMethod" time="0.001">
    <failure type="java.lang.NullPointerException" message="Cannot invoke &amp;quot;org.openqa.selenium.WebDriver.close()&amp;quot; because &amp;quot;this.driver&amp;quot; is null">
      <![CDATA[java.lang.NullPointerException: Cannot invoke "org.openqa.selenium.WebDriver.close()" because "this.driver" is null
at projectTestCases.BaseClass.afterMethod(BaseClass.java:51)
at java.base/java.util.ArrayList.forEach(ArrayList.java:1511)
... Removed 30 stack frames]]>
    </failure>
  </testcase> <!-- @AfterMethod afterMethod -->
  <testcase classname="projectTestCases.BaseClass" name="@BeforeMethod beforeMethod" time="-1.677735771277E9">
    <failure type="org.testng.TestNGException" message="
Parameter &amp;apos;browser&amp;apos; is required by BeforeMethod on method beforeMethod but has not been marked @Optional or defined
in C:\Users\ADMIN\eclipse-workspace\javaprogrammmes\src\package29\project\grouping.xml">
      <![CDATA[org.testng.TestNGException: 
Parameter 'browser' is required by BeforeMethod on method beforeMethod but has not been marked @Optional or defined
in C:\Users\ADMIN\eclipse-workspace\javaprogrammmes\src\package29\project\grouping.xml
at java.base/java.util.ArrayList.forEach(ArrayList.java:1511)
... Removed 28 stack frames]]>
    </failure>
  </testcase> <!-- @BeforeMethod beforeMethod -->
  <testcase classname="projectTestCases.BaseClass" name="@AfterMethod afterMethod" time="0.001">
    <failure type="java.lang.NullPointerException" message="Cannot invoke &amp;quot;org.openqa.selenium.WebDriver.close()&amp;quot; because &amp;quot;this.driver&amp;quot; is null">
      <![CDATA[java.lang.NullPointerException: Cannot invoke "org.openqa.selenium.WebDriver.close()" because "this.driver" is null
at projectTestCases.BaseClass.afterMethod(BaseClass.java:51)
at java.base/java.util.ArrayList.forEach(ArrayList.java:1511)
... Removed 30 stack frames]]>
    </failure>
  </testcase> <!-- @AfterMethod afterMethod -->
  <testcase classname="projectTestCases.LoginTestCases" name="verifyDataFromExcel" time="0.0">
    <skipped/>
  </testcase> <!-- verifyDataFromExcel -->
  <testcase classname="projectTestCases.LoginTestCases" name="verifyLogin" time="0.0">
    <skipped/>
  </testcase> <!-- verifyLogin -->
  <testcase classname="projectTestCases.LoginTestCases" name="verifySignInGetText" time="0.0">
    <skipped/>
  </testcase> <!-- verifySignInGetText -->
  <testcase classname="projectTestCases.LoginTestCases" name="verifyremberMeunSelected" time="0.0">
    <ignored/>
  </testcase> <!-- verifyremberMeunSelected -->
  <testcase classname="projectTestCases.LoginTestCases" name="verifyCSSValueofSignIn" time="0.0">
    <ignored/>
  </testcase> <!-- verifyCSSValueofSignIn -->
</testsuite> <!-- testng grouping -->
